{"/root/todo-app/app.js": {"path":"/root/todo-app/app.js","statementMap":{"0":{"start":{"line":1,"column":16},"end":{"line":1,"column":34}},"1":{"start":{"line":2,"column":12},"end":{"line":2,"column":21}},"2":{"start":{"line":4,"column":0},"end":{"line":4,"column":24}},"3":{"start":{"line":6,"column":12},"end":{"line":6,"column":14}},"4":{"start":{"line":8,"column":0},"end":{"line":10,"column":3}},"5":{"start":{"line":9,"column":2},"end":{"line":9,"column":57}},"6":{"start":{"line":12,"column":0},"end":{"line":14,"column":3}},"7":{"start":{"line":13,"column":2},"end":{"line":13,"column":18}},"8":{"start":{"line":16,"column":0},"end":{"line":23,"column":3}},"9":{"start":{"line":17,"column":15},"end":{"line":17,"column":23}},"10":{"start":{"line":18,"column":2},"end":{"line":20,"column":3}},"11":{"start":{"line":19,"column":4},"end":{"line":19,"column":60}},"12":{"start":{"line":21,"column":2},"end":{"line":21,"column":19}},"13":{"start":{"line":22,"column":2},"end":{"line":22,"column":29}},"14":{"start":{"line":25,"column":0},"end":{"line":25,"column":21}}},"fnMap":{"0":{"name":"(anonymous_0)","decl":{"start":{"line":8,"column":13},"end":{"line":8,"column":14}},"loc":{"start":{"line":8,"column":27},"end":{"line":10,"column":1}},"line":8},"1":{"name":"(anonymous_1)","decl":{"start":{"line":12,"column":18},"end":{"line":12,"column":19}},"loc":{"start":{"line":12,"column":32},"end":{"line":14,"column":1}},"line":12},"2":{"name":"(anonymous_2)","decl":{"start":{"line":16,"column":19},"end":{"line":16,"column":20}},"loc":{"start":{"line":16,"column":33},"end":{"line":23,"column":1}},"line":16}},"branchMap":{"0":{"loc":{"start":{"line":18,"column":2},"end":{"line":20,"column":3}},"type":"if","locations":[{"start":{"line":18,"column":2},"end":{"line":20,"column":3}},{"start":{},"end":{}}],"line":18}},"s":{"0":1,"1":1,"2":1,"3":1,"4":1,"5":1,"6":1,"7":0,"8":1,"9":0,"10":0,"11":0,"12":0,"13":0,"14":1},"f":{"0":1,"1":0,"2":0},"b":{"0":[0,0]},"_coverageSchema":"1a1c01bbd47fc00a2c39e90264f33305004495a9","hash":"8946207eb2f3a4ff2421df25c5578a18f5b1a952"}
}
